Start testing: Aug 25 21:58 EEST
----------------------------------------------------------
1/3 Testing: test_path
1/3 Test: test_path
Command: "/Users/miami/OpenBattlefield2/build/macos-arm64-debug/tests/test_path"
Directory: /Users/miami/OpenBattlefield2/build/macos-arm64-debug/tests
"test_path" start time: Aug 25 21:58 EEST
Output:
----------------------------------------------------------
OK
<end of output>
Test time =   0.00 sec
----------------------------------------------------------
Test Passed.
"test_path" end time: Aug 25 21:58 EEST
"test_path" time elapsed: 00:00:00
----------------------------------------------------------

2/3 Testing: test_con
2/3 Test: test_con
Command: "/Users/miami/OpenBattlefield2/build/macos-arm64-debug/tests/test_con"
Directory: /Users/miami/OpenBattlefield2/build/macos-arm64-debug/tests
"test_con" start time: Aug 25 21:58 EEST
Output:
----------------------------------------------------------
OK
<end of output>
Test time =   0.00 sec
----------------------------------------------------------
Test Passed.
"test_con" end time: Aug 25 21:58 EEST
"test_con" time elapsed: 00:00:00
----------------------------------------------------------

3/3 Testing: test_mesh
3/3 Test: test_mesh
Command: "/Users/miami/OpenBattlefield2/build/macos-arm64-debug/tests/test_mesh"
Directory: /Users/miami/OpenBattlefield2/build/macos-arm64-debug/tests
"test_mesh" start time: Aug 25 21:58 EEST
Output:
----------------------------------------------------------
OK
<end of output>
Test time =   0.45 sec
----------------------------------------------------------
Test Passed.
"test_mesh" end time: Aug 25 21:58 EEST
"test_mesh" time elapsed: 00:00:00
----------------------------------------------------------

End testing: Aug 25 21:58 EEST
