Start testing: Aug 26 16:57 EEST
----------------------------------------------------------
1/19 Testing: test_path
1/19 Test: test_path
Command: "/Users/miami/OpenBattlefield2/build/macos-arm64-debug/tests/test_path"
Directory: /Users/miami/OpenBattlefield2/build/macos-arm64-debug/tests
"test_path" start time: Aug 26 16:57 EEST
Output:
----------------------------------------------------------
OK
<end of output>
Test time =   0.01 sec
----------------------------------------------------------
Test Passed.
"test_path" end time: Aug 26 16:57 EEST
"test_path" time elapsed: 00:00:00
----------------------------------------------------------

2/19 Testing: test_con
2/19 Test: test_con
Command: "/Users/miami/OpenBattlefield2/build/macos-arm64-debug/tests/test_con"
Directory: /Users/miami/OpenBattlefield2/build/macos-arm64-debug/tests
"test_con" start time: Aug 26 16:57 EEST
Output:
----------------------------------------------------------
OK
<end of output>
Test time =   0.00 sec
----------------------------------------------------------
Test Passed.
"test_con" end time: Aug 26 16:57 EEST
"test_con" time elapsed: 00:00:00
----------------------------------------------------------

3/19 Testing: test_mesh
3/19 Test: test_mesh
Command: "/Users/miami/OpenBattlefield2/build/macos-arm64-debug/tests/test_mesh"
Directory: /Users/miami/OpenBattlefield2/build/macos-arm64-debug/tests
"test_mesh" start time: Aug 26 16:57 EEST
Output:
----------------------------------------------------------
OK
<end of output>
Test time =   0.01 sec
----------------------------------------------------------
Test Passed.
"test_mesh" end time: Aug 26 16:57 EEST
"test_mesh" time elapsed: 00:00:00
----------------------------------------------------------

4/19 Testing: test_skeleton
4/19 Test: test_skeleton
Command: "/Users/miami/OpenBattlefield2/build/macos-arm64-debug/tests/test_skeleton"
Directory: /Users/miami/OpenBattlefield2/build/macos-arm64-debug/tests
"test_skeleton" start time: Aug 26 16:57 EEST
Output:
----------------------------------------------------------
OK
<end of output>
Test time =   0.01 sec
----------------------------------------------------------
Test Passed.
"test_skeleton" end time: Aug 26 16:57 EEST
"test_skeleton" time elapsed: 00:00:00
----------------------------------------------------------

5/19 Testing: test_animation
5/19 Test: test_animation
Command: "/Users/miami/OpenBattlefield2/build/macos-arm64-debug/tests/test_animation"
Directory: /Users/miami/OpenBattlefield2/build/macos-arm64-debug/tests
"test_animation" start time: Aug 26 16:57 EEST
Output:
----------------------------------------------------------
OK
<end of output>
Test time =   0.01 sec
----------------------------------------------------------
Test Passed.
"test_animation" end time: Aug 26 16:57 EEST
"test_animation" time elapsed: 00:00:00
----------------------------------------------------------

6/19 Testing: test_texture
6/19 Test: test_texture
Command: "/Users/miami/OpenBattlefield2/build/macos-arm64-debug/tests/test_texture"
Directory: /Users/miami/OpenBattlefield2/build/macos-arm64-debug/tests
"test_texture" start time: Aug 26 16:57 EEST
Output:
----------------------------------------------------------
OK
<end of output>
Test time =   0.01 sec
----------------------------------------------------------
Test Passed.
"test_texture" end time: Aug 26 16:57 EEST
"test_texture" time elapsed: 00:00:00
----------------------------------------------------------

7/19 Testing: test_object_template
7/19 Test: test_object_template
Command: "/Users/miami/OpenBattlefield2/build/macos-arm64-debug/tests/test_object_template"
Directory: /Users/miami/OpenBattlefield2/build/macos-arm64-debug/tests
"test_object_template" start time: Aug 26 16:57 EEST
Output:
----------------------------------------------------------
OK
<end of output>
Test time =   0.00 sec
----------------------------------------------------------
Test Passed.
"test_object_template" end time: Aug 26 16:57 EEST
"test_object_template" time elapsed: 00:00:00
----------------------------------------------------------

8/19 Testing: test_scene
8/19 Test: test_scene
Command: "/Users/miami/OpenBattlefield2/build/macos-arm64-debug/tests/test_scene"
Directory: /Users/miami/OpenBattlefield2/build/macos-arm64-debug/tests
"test_scene" start time: Aug 26 16:57 EEST
Output:
----------------------------------------------------------
OK
<end of output>
Test time =   0.01 sec
----------------------------------------------------------
Test Passed.
"test_scene" end time: Aug 26 16:57 EEST
"test_scene" time elapsed: 00:00:00
----------------------------------------------------------

9/19 Testing: test_level
9/19 Test: test_level
Command: "/Users/miami/OpenBattlefield2/build/macos-arm64-debug/tests/test_level"
Directory: /Users/miami/OpenBattlefield2/build/macos-arm64-debug/tests
"test_level" start time: Aug 26 16:57 EEST
Output:
----------------------------------------------------------
OK
<end of output>
Test time =   0.02 sec
----------------------------------------------------------
Test Passed.
"test_level" end time: Aug 26 16:57 EEST
"test_level" time elapsed: 00:00:00
----------------------------------------------------------

10/19 Testing: test_engine
10/19 Test: test_engine
Command: "/Users/miami/OpenBattlefield2/build/macos-arm64-debug/tests/test_engine"
Directory: /Users/miami/OpenBattlefield2/build/macos-arm64-debug/tests
"test_engine" start time: Aug 26 16:57 EEST
Output:
----------------------------------------------------------
OK
<end of output>
Test time =   0.01 sec
----------------------------------------------------------
Test Passed.
"test_engine" end time: Aug 26 16:57 EEST
"test_engine" time elapsed: 00:00:00
----------------------------------------------------------

11/19 Testing: test_bitstream
11/19 Test: test_bitstream
Command: "/Users/miami/OpenBattlefield2/build/macos-arm64-debug/tests/test_bitstream"
Directory: /Users/miami/OpenBattlefield2/build/macos-arm64-debug/tests
"test_bitstream" start time: Aug 26 16:57 EEST
Output:
----------------------------------------------------------
OK
<end of output>
Test time =   0.49 sec
----------------------------------------------------------
Test Passed.
"test_bitstream" end time: Aug 26 16:57 EEST
"test_bitstream" time elapsed: 00:00:00
----------------------------------------------------------

12/19 Testing: test_font_loc
12/19 Test: test_font_loc
Command: "/Users/miami/OpenBattlefield2/build/macos-arm64-debug/tests/test_font_loc"
Directory: /Users/miami/OpenBattlefield2/build/macos-arm64-debug/tests
"test_font_loc" start time: Aug 26 16:57 EEST
Output:
----------------------------------------------------------
OK
<end of output>
Test time =   0.01 sec
----------------------------------------------------------
Test Passed.
"test_font_loc" end time: Aug 26 16:57 EEST
"test_font_loc" time elapsed: 00:00:00
----------------------------------------------------------

13/19 Testing: test_frustum
13/19 Test: test_frustum
Command: "/Users/miami/OpenBattlefield2/build/macos-arm64-debug/tests/test_frustum"
Directory: /Users/miami/OpenBattlefield2/build/macos-arm64-debug/tests
"test_frustum" start time: Aug 26 16:57 EEST
Output:
----------------------------------------------------------
OK
<end of output>
Test time =   0.00 sec
----------------------------------------------------------
Test Passed.
"test_frustum" end time: Aug 26 16:57 EEST
"test_frustum" time elapsed: 00:00:00
----------------------------------------------------------

14/19 Testing: test_server
14/19 Test: test_server
Command: "/Users/miami/OpenBattlefield2/build/macos-arm64-debug/tests/test_server"
Directory: /Users/miami/OpenBattlefield2/build/macos-arm64-debug/tests
"test_server" start time: Aug 26 16:57 EEST
Output:
----------------------------------------------------------
OK
<end of output>
Test time =   0.41 sec
----------------------------------------------------------
Test Passed.
"test_server" end time: Aug 26 16:57 EEST
"test_server" time elapsed: 00:00:00
----------------------------------------------------------

15/19 Testing: test_hud
15/19 Test: test_hud
Command: "/Users/miami/OpenBattlefield2/build/macos-arm64-debug/tests/test_hud"
Directory: /Users/miami/OpenBattlefield2/build/macos-arm64-debug/tests
"test_hud" start time: Aug 26 16:57 EEST
Output:
----------------------------------------------------------
OK
<end of output>
Test time =   0.01 sec
----------------------------------------------------------
Test Passed.
"test_hud" end time: Aug 26 16:57 EEST
"test_hud" time elapsed: 00:00:00
----------------------------------------------------------

16/19 Testing: test_collision
16/19 Test: test_collision
Command: "/Users/miami/OpenBattlefield2/build/macos-arm64-debug/tests/test_collision"
Directory: /Users/miami/OpenBattlefield2/build/macos-arm64-debug/tests
"test_collision" start time: Aug 26 16:57 EEST
Output:
----------------------------------------------------------
OK
<end of output>
Test time =   0.32 sec
----------------------------------------------------------
Test Passed.
"test_collision" end time: Aug 26 16:57 EEST
"test_collision" time elapsed: 00:00:00
----------------------------------------------------------

17/19 Testing: test_gameplay
17/19 Test: test_gameplay
Command: "/Users/miami/OpenBattlefield2/build/macos-arm64-debug/tests/test_gameplay"
Directory: /Users/miami/OpenBattlefield2/build/macos-arm64-debug/tests
"test_gameplay" start time: Aug 26 16:57 EEST
Output:
----------------------------------------------------------
OK
<end of output>
Test time =   0.36 sec
----------------------------------------------------------
Test Passed.
"test_gameplay" end time: Aug 26 16:57 EEST
"test_gameplay" time elapsed: 00:00:00
----------------------------------------------------------

18/19 Testing: test_anim_system
18/19 Test: test_anim_system
Command: "/Users/miami/OpenBattlefield2/build/macos-arm64-debug/tests/test_anim_system"
Directory: /Users/miami/OpenBattlefield2/build/macos-arm64-debug/tests
"test_anim_system" start time: Aug 26 16:57 EEST
Output:
----------------------------------------------------------
OK
<end of output>
Test time =   0.01 sec
----------------------------------------------------------
Test Passed.
"test_anim_system" end time: Aug 26 16:57 EEST
"test_anim_system" time elapsed: 00:00:00
----------------------------------------------------------

19/19 Testing: test_bf2_protocol
19/19 Test: test_bf2_protocol
Command: "/Users/miami/OpenBattlefield2/build/macos-arm64-debug/tests/test_bf2_protocol"
Directory: /Users/miami/OpenBattlefield2/build/macos-arm64-debug/tests
"test_bf2_protocol" start time: Aug 26 16:57 EEST
Output:
----------------------------------------------------------
OK
<end of output>
Test time =   0.36 sec
----------------------------------------------------------
Test Passed.
"test_bf2_protocol" end time: Aug 26 16:57 EEST
"test_bf2_protocol" time elapsed: 00:00:00
----------------------------------------------------------

End testing: Aug 26 16:57 EEST
